<?xml version="1.0" encoding="UTF-8"?>
<!-- Generated by org.testng.reporters.JUnitReportReporter -->
<testsuite hostname="Emtiaz-Surface" name="com.bit.test.SmokeTest" tests="3" failures="0" timestamp="6 Mar 2016 18:39:22 GMT" time="24.934" errors="0">
  <testcase name="Test1" time="6.777" classname="com.bit.test.SmokeTest"/>
  <testcase name="Test2" time="6.512" classname="com.bit.test.SmokeTest"/>
  <testcase name="Test3" time="11.645" classname="com.bit.test.SmokeTest"/>
</testsuite> <!-- com.bit.test.SmokeTest -->
